20:24:29 **** Incremental Build of configuration Debug for project tp_3 ****
Info: Internal Builder is used for build
gcc -O0 -g3 -Wall -c -fmessage-length=0 -o "src\\Controller.o" "..\\src\\Controller.c" 
gcc -o tp_3.exe "src\\Controller.o" "src\\Employee.o" "src\\parser.o" "src\\tp_3.o" "src\\utn.o" 
c:/mingw/bin/../lib/gcc/mingw32/9.2.0/../../../../mingw32/bin/ld.exe: src\Controller.o: in function `controller_findID':
C:\Users\yamil\Desktop\YAMIL\Facultad\Programacion_1\tp_laboratorio_1\tp_3\Debug/../src/Controller.c:10: undefined reference to `ll_len'
c:/mingw/bin/../lib/gcc/mingw32/9.2.0/../../../../mingw32/bin/ld.exe: C:\Users\yamil\Desktop\YAMIL\Facultad\Programacion_1\tp_laboratorio_1\tp_3\Debug/../src/Controller.c:16: undefined reference to `ll_get'
c:/mingw/bin/../lib/gcc/mingw32/9.2.0/../../../../mingw32/bin/ld.exe: src\Controller.o: in function `controller_arrayMaxID':
C:\Users\yamil\Desktop\YAMIL\Facultad\Programacion_1\tp_laboratorio_1\tp_3\Debug/../src/Controller.c:35: undefined reference to `ll_len'
c:/mingw/bin/../lib/gcc/mingw32/9.2.0/../../../../mingw32/bin/ld.exe: C:\Users\yamil\Desktop\YAMIL\Facultad\Programacion_1\tp_laboratorio_1\tp_3\Debug/../src/Controller.c:37: undefined reference to `ll_get'
c:/mingw/bin/../lib/gcc/mingw32/9.2.0/../../../../mingw32/bin/ld.exe: src\Controller.o: in function `controller_loadFromBinary':
C:\Users\yamil\Desktop\YAMIL\Facultad\Programacion_1\tp_laboratorio_1\tp_3\Debug/../src/Controller.c:82: undefined reference to `ll_add'
c:/mingw/bin/../lib/gcc/mingw32/9.2.0/../../../../mingw32/bin/ld.exe: C:\Users\yamil\Desktop\YAMIL\Facultad\Programacion_1\tp_laboratorio_1\tp_3\Debug/../src/Controller.c:89: undefined reference to `ll_remove'
c:/mingw/bin/../lib/gcc/mingw32/9.2.0/../../../../mingw32/bin/ld.exe: src\Controller.o: in function `controller_addEmployee':
C:\Users\yamil\Desktop\YAMIL\Facultad\Programacion_1\tp_laboratorio_1\tp_3\Debug/../src/Controller.c:127: undefined reference to `ll_add'
c:/mingw/bin/../lib/gcc/mingw32/9.2.0/../../../../mingw32/bin/ld.exe: src\Controller.o: in function `controller_editEmployee':
C:\Users\yamil\Desktop\YAMIL\Facultad\Programacion_1\tp_laboratorio_1\tp_3\Debug/../src/Controller.c:147: undefined reference to `ll_get'
c:/mingw/bin/../lib/gcc/mingw32/9.2.0/../../../../mingw32/bin/ld.exe: src\Controller.o: in function `controller_removeEmployee':
C:\Users\yamil\Desktop\YAMIL\Facultad\Programacion_1\tp_laboratorio_1\tp_3\Debug/../src/Controller.c:205: undefined reference to `ll_pop'
c:/mingw/bin/../lib/gcc/mingw32/9.2.0/../../../../mingw32/bin/ld.exe: src\Controller.o: in function `controller_ListEmployee':
C:\Users\yamil\Desktop\YAMIL\Facultad\Programacion_1\tp_laboratorio_1\tp_3\Debug/../src/Controller.c:225: undefined reference to `ll_len'
c:/mingw/bin/../lib/gcc/mingw32/9.2.0/../../../../mingw32/bin/ld.exe: C:\Users\yamil\Desktop\YAMIL\Facultad\Programacion_1\tp_laboratorio_1\tp_3\Debug/../src/Controller.c:227: undefined reference to `ll_get'
c:/mingw/bin/../lib/gcc/mingw32/9.2.0/../../../../mingw32/bin/ld.exe: src\Controller.o: in function `controller_sortEmployee':
C:\Users\yamil\Desktop\YAMIL\Facultad\Programacion_1\tp_laboratorio_1\tp_3\Debug/../src/Controller.c:243: undefined reference to `ll_sort'
c:/mingw/bin/../lib/gcc/mingw32/9.2.0/../../../../mingw32/bin/ld.exe: src\Controller.o: in function `controller_saveAsText':
C:\Users\yamil\Desktop\YAMIL\Facultad\Programacion_1\tp_laboratorio_1\tp_3\Debug/../src/Controller.c:261: undefined reference to `ll_len'
c:/mingw/bin/../lib/gcc/mingw32/9.2.0/../../../../mingw32/bin/ld.exe: C:\Users\yamil\Desktop\YAMIL\Facultad\Programacion_1\tp_laboratorio_1\tp_3\Debug/../src/Controller.c:263: undefined reference to `ll_get'
c:/mingw/bin/../lib/gcc/mingw32/9.2.0/../../../../mingw32/bin/ld.exe: src\Controller.o: in function `controller_saveAsBinary':
C:\Users\yamil\Desktop\YAMIL\Facultad\Programacion_1\tp_laboratorio_1\tp_3\Debug/../src/Controller.c:292: undefined reference to `ll_get'
c:/mingw/bin/../lib/gcc/mingw32/9.2.0/../../../../mingw32/bin/ld.exe: C:\Users\yamil\Desktop\YAMIL\Facultad\Programacion_1\tp_laboratorio_1\tp_3\Debug/../src/Controller.c:291: undefined reference to `ll_len'
c:/mingw/bin/../lib/gcc/mingw32/9.2.0/../../../../mingw32/bin/ld.exe: src\parser.o: in function `parser_EmployeeFromText':
C:\Users\yamil\Desktop\YAMIL\Facultad\Programacion_1\tp_laboratorio_1\tp_3\Debug/../src/parser.c:27: undefined reference to `ll_add'
c:/mingw/bin/../lib/gcc/mingw32/9.2.0/../../../../mingw32/bin/ld.exe: src\tp_3.o: in function `main':
C:\Users\yamil\Desktop\YAMIL\Facultad\Programacion_1\tp_laboratorio_1\tp_3\Debug/../src/tp_3.c:15: undefined reference to `ll_newLinkedList'
c:/mingw/bin/../lib/gcc/mingw32/9.2.0/../../../../mingw32/bin/ld.exe: C:\Users\yamil\Desktop\YAMIL\Facultad\Programacion_1\tp_laboratorio_1\tp_3\Debug/../src/tp_3.c:31: undefined reference to `ll_clear'
c:/mingw/bin/../lib/gcc/mingw32/9.2.0/../../../../mingw32/bin/ld.exe: C:\Users\yamil\Desktop\YAMIL\Facultad\Programacion_1\tp_laboratorio_1\tp_3\Debug/../src/tp_3.c:45: undefined reference to `ll_clear'
collect2.exe: error: ld returned 1 exit status
